<?xml version="1.0" encoding="utf-8" standalone="no"?>
<!--This file represents the results of running a test suite-->
<test-results name="C:\Users\fali\Documents\Visual Studio 2012\Projects\HL_Smoke\HL_Smoke\bin\Debug\HL_Smoke.dll" total="2" errors="1" failures="0" not-run="0" inconclusive="0" ignored="0" skipped="0" invalid="0" date="2014-04-22" time="18:05:59">
  <environment nunit-version="2.6.3.13283" clr-version="2.0.50727.5477" os-version="Microsoft Windows NT 6.1.7601 Service Pack 1" platform="Win32NT" cwd="C:\Program Files (x86)\NUnit 2.6.3\bin" machine-name="FAHADALI-PC" user="fali" user-domain="FOLIO3PK" />
  <culture-info current-culture="en-US" current-uiculture="en-US" />
  <test-suite type="Assembly" name="C:\Users\fali\Documents\Visual Studio 2012\Projects\HL_Smoke\HL_Smoke\bin\Debug\HL_Smoke.dll" executed="True" result="Failure" success="False" time="25.586" asserts="0">
    <results>
      <test-suite type="Namespace" name="SeleniumTests" executed="True" result="Failure" success="False" time="25.586" asserts="0">
        <results>
          <test-suite type="TestFixture" name="SmokeTest" executed="True" result="Failure" success="False" time="25.585" asserts="1">
            <results>
              <test-case name="SeleniumTests.SmokeTest.help" executed="True" result="Success" success="True" time="5.454" asserts="0" />
              <test-case name="SeleniumTests.SmokeTest.i_Timezone" executed="True" result="Error" success="False" time="4.012" asserts="0">
                <failure>
                  <message><![CDATA[OpenQA.Selenium.NoSuchWindowException : Window not found. The browser window may have been closed.]]></message>
                  <stack-trace><![CDATA[at OpenQA.Selenium.Remote.RemoteWebDriver.UnpackAndThrowOnError(Response errorResponse) in c:\Projects\webdriver\dotnet\src\webdriver\Remote\RemoteWebDriver.cs:line 1076
at OpenQA.Selenium.Remote.RemoteWebDriver.Execute(String driverCommandToExecute, Dictionary`2 parameters) in c:\Projects\webdriver\dotnet\src\webdriver\Remote\RemoteWebDriver.cs:line 865
at OpenQA.Selenium.Remote.RemoteWebDriver.FindElement(String mechanism, String value) in c:\Projects\webdriver\dotnet\src\webdriver\Remote\RemoteWebDriver.cs:line 894
at OpenQA.Selenium.By.FindElement(ISearchContext context) in c:\Projects\webdriver\dotnet\src\webdriver\By.cs:line 309
at SeleniumTests.SmokeTest.check_driver_type(String drivertype, String id_name, String link_text) in c:\Users\fali\Documents\Visual Studio 2012\Projects\HL_Smoke\HL_Smoke\Class1.cs:line 2584
at SeleniumTests.SmokeTest.i_Timezone() in c:\Users\fali\Documents\Visual Studio 2012\Projects\HL_Smoke\HL_Smoke\Class1.cs:line 400
]]></stack-trace>
                </failure>
              </test-case>
            </results>
          </test-suite>
        </results>
      </test-suite>
    </results>
  </test-suite>
</test-results>